Vivado Simulator v2023.2
Copyright 1986-2022 Xilinx, Inc. All Rights Reserved.
Copyright 2022-2023 Advanced Micro Devices, Inc. All Rights Reserved.
Running: C:/Xilinx/Vivado/2023.2/bin/unwrapped/win64.o/xelab.exe --incr --debug typical --relax --mt 2 -L xil_defaultlib -L secureip --snapshot datapath_tb_behav xil_defaultlib.datapath_tb -log elaborate.log 
Using 2 slave threads.
Starting static elaboration
Completed static elaboration
Starting simulation data flow analysis
Completed simulation data flow analysis
Time Resolution for simulation is 1ps
Compiling package std.standard
Compiling package std.textio
Compiling package ieee.std_logic_1164
Compiling package xil_defaultlib.math_real
Compiling package xil_defaultlib.my_work
Compiling package ieee.numeric_std
Compiling architecture behavioral of entity xil_defaultlib.pc [pc_default]
Compiling architecture behavioral of entity xil_defaultlib.l2pm [\l2pm(addr_bits=6,starting_addr=...]
Compiling architecture behavioral of entity xil_defaultlib.i_mem [i_mem_default]
Compiling architecture behavioral of entity xil_defaultlib.adder [adder_default]
Compiling architecture behavioral of entity xil_defaultlib.control_unit [control_unit_default]
Compiling architecture behavioral of entity xil_defaultlib.reg_file [reg_file_default]
Compiling architecture behavioral of entity xil_defaultlib.extender [extender_default]
Compiling architecture behavioral of entity xil_defaultlib.alu [alu_default]
Compiling architecture behavioral of entity xil_defaultlib.l2pm [\l2pm(addr_bits=7,starting_addr=...]
Compiling architecture behavioral of entity xil_defaultlib.d_mem [d_mem_default]
Compiling architecture behavioral of entity xil_defaultlib.datapath [datapath_default]
Compiling architecture behavioral of entity xil_defaultlib.datapath_tb
Built simulation snapshot datapath_tb_behav
